{"/Users/pingxiaopingbuxiao/Desktop/hahah/babel-plugin-typescript-hardcoded-enum/src/index.ts": {"path":"/Users/pingxiaopingbuxiao/Desktop/hahah/babel-plugin-typescript-hardcoded-enum/src/index.ts","all":false,"statementMap":{"0":{"start":{"line":1,"column":0},"end":{"line":1,"column":0}},"1":{"start":{"line":2,"column":0},"end":{"line":2,"column":36}},"2":{"start":{"line":3,"column":0},"end":{"line":3,"column":39}},"3":{"start":{"line":4,"column":0},"end":{"line":4,"column":44}},"4":{"start":{"line":5,"column":0},"end":{"line":5,"column":8}},"5":{"start":{"line":6,"column":0},"end":{"line":6,"column":21}},"6":{"start":{"line":7,"column":0},"end":{"line":7,"column":31}},"7":{"start":{"line":8,"column":0},"end":{"line":8,"column":33}},"8":{"start":{"line":9,"column":0},"end":{"line":9,"column":16}},"9":{"start":{"line":10,"column":0},"end":{"line":10,"column":0}},"10":{"start":{"line":11,"column":0},"end":{"line":11,"column":40}},"11":{"start":{"line":12,"column":0},"end":{"line":12,"column":34}},"12":{"start":{"line":13,"column":0},"end":{"line":13,"column":23}},"13":{"start":{"line":14,"column":0},"end":{"line":14,"column":38}},"14":{"start":{"line":15,"column":0},"end":{"line":15,"column":0}},"15":{"start":{"line":16,"column":0},"end":{"line":16,"column":25}},"16":{"start":{"line":17,"column":0},"end":{"line":17,"column":29}},"17":{"start":{"line":18,"column":0},"end":{"line":18,"column":65}},"18":{"start":{"line":19,"column":0},"end":{"line":19,"column":14}},"19":{"start":{"line":20,"column":0},"end":{"line":20,"column":44}},"20":{"start":{"line":21,"column":0},"end":{"line":21,"column":43}},"21":{"start":{"line":22,"column":0},"end":{"line":22,"column":25}},"22":{"start":{"line":23,"column":0},"end":{"line":23,"column":44}},"23":{"start":{"line":24,"column":0},"end":{"line":24,"column":38}},"24":{"start":{"line":25,"column":0},"end":{"line":25,"column":11}},"25":{"start":{"line":26,"column":0},"end":{"line":26,"column":3}},"26":{"start":{"line":27,"column":0},"end":{"line":27,"column":33}},"27":{"start":{"line":28,"column":0},"end":{"line":28,"column":12}},"28":{"start":{"line":29,"column":0},"end":{"line":29,"column":17}},"29":{"start":{"line":30,"column":0},"end":{"line":30,"column":5}},"30":{"start":{"line":31,"column":0},"end":{"line":31,"column":3}},"31":{"start":{"line":32,"column":0},"end":{"line":32,"column":10}},"32":{"start":{"line":33,"column":0},"end":{"line":33,"column":41}},"33":{"start":{"line":34,"column":0},"end":{"line":34,"column":14}},"34":{"start":{"line":35,"column":0},"end":{"line":35,"column":22}},"35":{"start":{"line":36,"column":0},"end":{"line":36,"column":63}},"36":{"start":{"line":37,"column":0},"end":{"line":37,"column":25}},"37":{"start":{"line":38,"column":0},"end":{"line":38,"column":22}},"38":{"start":{"line":39,"column":0},"end":{"line":39,"column":14}},"39":{"start":{"line":40,"column":0},"end":{"line":40,"column":9}},"40":{"start":{"line":41,"column":0},"end":{"line":41,"column":23}},"41":{"start":{"line":42,"column":0},"end":{"line":42,"column":44}},"42":{"start":{"line":43,"column":0},"end":{"line":43,"column":25}},"43":{"start":{"line":44,"column":0},"end":{"line":44,"column":12}},"44":{"start":{"line":45,"column":0},"end":{"line":45,"column":42}},"45":{"start":{"line":46,"column":0},"end":{"line":46,"column":54}},"46":{"start":{"line":47,"column":0},"end":{"line":47,"column":63}},"47":{"start":{"line":48,"column":0},"end":{"line":48,"column":23}},"48":{"start":{"line":49,"column":0},"end":{"line":49,"column":20}},"49":{"start":{"line":50,"column":0},"end":{"line":50,"column":13}},"50":{"start":{"line":51,"column":0},"end":{"line":51,"column":53}},"51":{"start":{"line":52,"column":0},"end":{"line":52,"column":76}},"52":{"start":{"line":53,"column":0},"end":{"line":53,"column":26}},"53":{"start":{"line":54,"column":0},"end":{"line":54,"column":25}},"54":{"start":{"line":55,"column":0},"end":{"line":55,"column":20}},"55":{"start":{"line":56,"column":0},"end":{"line":56,"column":13}},"56":{"start":{"line":57,"column":0},"end":{"line":57,"column":33}},"57":{"start":{"line":58,"column":0},"end":{"line":58,"column":43}},"58":{"start":{"line":59,"column":0},"end":{"line":59,"column":59}},"59":{"start":{"line":60,"column":0},"end":{"line":60,"column":44}},"60":{"start":{"line":61,"column":0},"end":{"line":61,"column":26}},"61":{"start":{"line":62,"column":0},"end":{"line":62,"column":17}},"62":{"start":{"line":63,"column":0},"end":{"line":63,"column":43}},"63":{"start":{"line":64,"column":0},"end":{"line":64,"column":61}},"64":{"start":{"line":65,"column":0},"end":{"line":65,"column":23}},"65":{"start":{"line":66,"column":0},"end":{"line":66,"column":17}},"66":{"start":{"line":67,"column":0},"end":{"line":67,"column":53}},"67":{"start":{"line":68,"column":0},"end":{"line":68,"column":38}},"68":{"start":{"line":69,"column":0},"end":{"line":69,"column":23}},"69":{"start":{"line":70,"column":0},"end":{"line":70,"column":17}},"70":{"start":{"line":71,"column":0},"end":{"line":71,"column":15}},"71":{"start":{"line":72,"column":0},"end":{"line":72,"column":13}},"72":{"start":{"line":73,"column":0},"end":{"line":73,"column":43}},"73":{"start":{"line":74,"column":0},"end":{"line":74,"column":20}},"74":{"start":{"line":75,"column":0},"end":{"line":75,"column":13}},"75":{"start":{"line":76,"column":0},"end":{"line":76,"column":42}},"76":{"start":{"line":77,"column":0},"end":{"line":77,"column":40}},"77":{"start":{"line":78,"column":0},"end":{"line":78,"column":44}},"78":{"start":{"line":79,"column":0},"end":{"line":79,"column":48}},"79":{"start":{"line":80,"column":0},"end":{"line":80,"column":44}},"80":{"start":{"line":81,"column":0},"end":{"line":81,"column":47}},"81":{"start":{"line":82,"column":0},"end":{"line":82,"column":43}},"82":{"start":{"line":83,"column":0},"end":{"line":83,"column":13}},"83":{"start":{"line":84,"column":0},"end":{"line":84,"column":28}},"84":{"start":{"line":85,"column":0},"end":{"line":85,"column":20}},"85":{"start":{"line":86,"column":0},"end":{"line":86,"column":13}},"86":{"start":{"line":87,"column":0},"end":{"line":87,"column":48}},"87":{"start":{"line":88,"column":0},"end":{"line":88,"column":49}},"88":{"start":{"line":89,"column":0},"end":{"line":89,"column":27}},"89":{"start":{"line":90,"column":0},"end":{"line":90,"column":40}},"90":{"start":{"line":91,"column":0},"end":{"line":91,"column":55}},"91":{"start":{"line":92,"column":0},"end":{"line":92,"column":13}},"92":{"start":{"line":93,"column":0},"end":{"line":93,"column":11}},"93":{"start":{"line":94,"column":0},"end":{"line":94,"column":12}},"94":{"start":{"line":95,"column":0},"end":{"line":95,"column":19}},"95":{"start":{"line":96,"column":0},"end":{"line":96,"column":24}},"96":{"start":{"line":97,"column":0},"end":{"line":97,"column":10}},"97":{"start":{"line":98,"column":0},"end":{"line":98,"column":7}},"98":{"start":{"line":99,"column":0},"end":{"line":99,"column":5}},"99":{"start":{"line":100,"column":0},"end":{"line":100,"column":3}},"100":{"start":{"line":101,"column":0},"end":{"line":101,"column":1}}},"s":{"0":1,"1":1,"2":1,"3":1,"4":1,"5":1,"6":1,"7":1,"8":1,"9":1,"10":1,"11":1,"12":1,"13":1,"14":1,"15":3,"16":3,"17":3,"18":3,"19":3,"20":3,"21":3,"22":0,"23":0,"24":0,"25":3,"26":3,"27":0,"28":0,"29":0,"30":0,"31":3,"32":3,"33":3,"34":3,"35":3,"36":3,"37":3,"38":3,"39":3,"40":3,"41":3,"42":2,"43":3,"44":3,"45":19,"46":19,"47":19,"48":1,"49":1,"50":18,"51":18,"52":19,"53":8,"54":8,"55":8,"56":10,"57":19,"58":6,"59":8,"60":4,"61":4,"62":4,"63":4,"64":4,"65":4,"66":4,"67":4,"68":4,"69":4,"70":8,"71":6,"72":19,"73":2,"74":2,"75":8,"76":8,"77":8,"78":19,"79":0,"80":0,"81":0,"82":0,"83":19,"84":0,"85":0,"86":8,"87":8,"88":8,"89":8,"90":8,"91":8,"92":19,"93":3,"94":3,"95":3,"96":3,"97":3,"98":3,"99":3,"100":3},"branchMap":{"0":{"type":"branch","line":16,"loc":{"start":{"line":16,"column":0},"end":{"line":101,"column":1}},"locations":[{"start":{"line":16,"column":0},"end":{"line":101,"column":1}}]},"1":{"type":"branch","line":22,"loc":{"start":{"line":22,"column":7},"end":{"line":25,"column":11}},"locations":[{"start":{"line":22,"column":7},"end":{"line":25,"column":11}}]},"2":{"type":"branch","line":27,"loc":{"start":{"line":27,"column":32},"end":{"line":31,"column":3}},"locations":[{"start":{"line":27,"column":32},"end":{"line":31,"column":3}}]},"3":{"type":"branch","line":35,"loc":{"start":{"line":35,"column":6},"end":{"line":98,"column":7}},"locations":[{"start":{"line":35,"column":6},"end":{"line":98,"column":7}}]},"4":{"type":"branch","line":42,"loc":{"start":{"line":42,"column":10},"end":{"line":44,"column":11}},"locations":[{"start":{"line":42,"column":10},"end":{"line":44,"column":11}}]},"5":{"type":"branch","line":45,"loc":{"start":{"line":45,"column":10},"end":{"line":93,"column":11}},"locations":[{"start":{"line":45,"column":10},"end":{"line":93,"column":11}}]},"6":{"type":"branch","line":48,"loc":{"start":{"line":48,"column":22},"end":{"line":50,"column":13}},"locations":[{"start":{"line":48,"column":22},"end":{"line":50,"column":13}}]},"7":{"type":"branch","line":51,"loc":{"start":{"line":51,"column":-1},"end":{"line":53,"column":25}},"locations":[{"start":{"line":51,"column":-1},"end":{"line":53,"column":25}}]},"8":{"type":"branch","line":53,"loc":{"start":{"line":53,"column":25},"end":{"line":56,"column":13}},"locations":[{"start":{"line":53,"column":25},"end":{"line":56,"column":13}}]},"9":{"type":"branch","line":57,"loc":{"start":{"line":57,"column":-1},"end":{"line":58,"column":42}},"locations":[{"start":{"line":57,"column":-1},"end":{"line":58,"column":42}}]},"10":{"type":"branch","line":58,"loc":{"start":{"line":58,"column":42},"end":{"line":72,"column":13}},"locations":[{"start":{"line":58,"column":42},"end":{"line":72,"column":13}}]},"11":{"type":"branch","line":59,"loc":{"start":{"line":59,"column":58},"end":{"line":71,"column":15}},"locations":[{"start":{"line":59,"column":58},"end":{"line":71,"column":15}}]},"12":{"type":"branch","line":60,"loc":{"start":{"line":60,"column":43},"end":{"line":70,"column":17}},"locations":[{"start":{"line":60,"column":43},"end":{"line":70,"column":17}}]},"13":{"type":"branch","line":73,"loc":{"start":{"line":73,"column":-1},"end":{"line":73,"column":42}},"locations":[{"start":{"line":73,"column":-1},"end":{"line":73,"column":42}}]},"14":{"type":"branch","line":73,"loc":{"start":{"line":73,"column":42},"end":{"line":75,"column":13}},"locations":[{"start":{"line":73,"column":42},"end":{"line":75,"column":13}}]},"15":{"type":"branch","line":76,"loc":{"start":{"line":76,"column":-1},"end":{"line":79,"column":19}},"locations":[{"start":{"line":76,"column":-1},"end":{"line":79,"column":19}}]},"16":{"type":"branch","line":79,"loc":{"start":{"line":79,"column":13},"end":{"line":83,"column":13}},"locations":[{"start":{"line":79,"column":13},"end":{"line":83,"column":13}}]},"17":{"type":"branch","line":84,"loc":{"start":{"line":84,"column":-1},"end":{"line":84,"column":27}},"locations":[{"start":{"line":84,"column":-1},"end":{"line":84,"column":27}}]},"18":{"type":"branch","line":84,"loc":{"start":{"line":84,"column":27},"end":{"line":86,"column":13}},"locations":[{"start":{"line":84,"column":27},"end":{"line":86,"column":13}}]},"19":{"type":"branch","line":87,"loc":{"start":{"line":87,"column":-1},"end":{"line":92,"column":13}},"locations":[{"start":{"line":87,"column":-1},"end":{"line":92,"column":13}}]}},"b":{"0":[3],"1":[0],"2":[0],"3":[3],"4":[2],"5":[19],"6":[1],"7":[18],"8":[8],"9":[10],"10":[6],"11":[8],"12":[4],"13":[10],"14":[2],"15":[8],"16":[0],"17":[8],"18":[0],"19":[8]},"fnMap":{"0":{"name":"default_1","decl":{"start":{"line":16,"column":0},"end":{"line":101,"column":1}},"loc":{"start":{"line":16,"column":0},"end":{"line":101,"column":1}},"line":16},"1":{"name":"Program","decl":{"start":{"line":35,"column":6},"end":{"line":98,"column":7}},"loc":{"start":{"line":35,"column":6},"end":{"line":98,"column":7}},"line":35},"2":{"name":"TSImportEqualsDeclaration","decl":{"start":{"line":42,"column":10},"end":{"line":44,"column":11}},"loc":{"start":{"line":42,"column":10},"end":{"line":44,"column":11}},"line":42},"3":{"name":"MemberExpression","decl":{"start":{"line":45,"column":10},"end":{"line":93,"column":11}},"loc":{"start":{"line":45,"column":10},"end":{"line":93,"column":11}},"line":45}},"f":{"0":3,"1":3,"2":2,"3":19}}
,"/Users/pingxiaopingbuxiao/Desktop/hahah/babel-plugin-typescript-hardcoded-enum/src/parseDts.ts": {"path":"/Users/pingxiaopingbuxiao/Desktop/hahah/babel-plugin-typescript-hardcoded-enum/src/parseDts.ts","all":false,"statementMap":{"0":{"start":{"line":1,"column":0},"end":{"line":1,"column":32}},"1":{"start":{"line":2,"column":0},"end":{"line":2,"column":28}},"2":{"start":{"line":3,"column":0},"end":{"line":3,"column":24}},"3":{"start":{"line":4,"column":0},"end":{"line":4,"column":0}},"4":{"start":{"line":5,"column":0},"end":{"line":5,"column":39}},"5":{"start":{"line":6,"column":0},"end":{"line":6,"column":0}},"6":{"start":{"line":7,"column":0},"end":{"line":7,"column":14}},"7":{"start":{"line":8,"column":0},"end":{"line":8,"column":46}},"8":{"start":{"line":9,"column":0},"end":{"line":9,"column":52}},"9":{"start":{"line":10,"column":0},"end":{"line":10,"column":27}},"10":{"start":{"line":11,"column":0},"end":{"line":11,"column":47}},"11":{"start":{"line":12,"column":0},"end":{"line":12,"column":58}},"12":{"start":{"line":13,"column":0},"end":{"line":13,"column":56}},"13":{"start":{"line":14,"column":0},"end":{"line":14,"column":55}},"14":{"start":{"line":15,"column":0},"end":{"line":15,"column":73}},"15":{"start":{"line":16,"column":0},"end":{"line":16,"column":67}},"16":{"start":{"line":17,"column":0},"end":{"line":17,"column":22}},"17":{"start":{"line":18,"column":0},"end":{"line":18,"column":24}},"18":{"start":{"line":19,"column":0},"end":{"line":19,"column":35}},"19":{"start":{"line":20,"column":0},"end":{"line":20,"column":11}},"20":{"start":{"line":21,"column":0},"end":{"line":21,"column":9}},"21":{"start":{"line":22,"column":0},"end":{"line":22,"column":7}},"22":{"start":{"line":23,"column":0},"end":{"line":23,"column":56}},"23":{"start":{"line":24,"column":0},"end":{"line":24,"column":41}},"24":{"start":{"line":25,"column":0},"end":{"line":25,"column":54}},"25":{"start":{"line":26,"column":0},"end":{"line":26,"column":22}},"26":{"start":{"line":27,"column":0},"end":{"line":27,"column":24}},"27":{"start":{"line":28,"column":0},"end":{"line":28,"column":29}},"28":{"start":{"line":29,"column":0},"end":{"line":29,"column":11}},"29":{"start":{"line":30,"column":0},"end":{"line":30,"column":9}},"30":{"start":{"line":31,"column":0},"end":{"line":31,"column":7}},"31":{"start":{"line":32,"column":0},"end":{"line":32,"column":0}},"32":{"start":{"line":33,"column":0},"end":{"line":33,"column":39}},"33":{"start":{"line":34,"column":0},"end":{"line":34,"column":5}},"34":{"start":{"line":35,"column":0},"end":{"line":35,"column":34}},"35":{"start":{"line":36,"column":0},"end":{"line":36,"column":43}},"36":{"start":{"line":37,"column":0},"end":{"line":37,"column":100}},"37":{"start":{"line":38,"column":0},"end":{"line":38,"column":6}},"38":{"start":{"line":39,"column":0},"end":{"line":39,"column":39}},"39":{"start":{"line":40,"column":0},"end":{"line":40,"column":28}},"40":{"start":{"line":41,"column":0},"end":{"line":41,"column":6}},"41":{"start":{"line":42,"column":0},"end":{"line":42,"column":19}},"42":{"start":{"line":43,"column":0},"end":{"line":43,"column":3}},"43":{"start":{"line":44,"column":0},"end":{"line":44,"column":1}},"44":{"start":{"line":45,"column":0},"end":{"line":45,"column":0}},"45":{"start":{"line":46,"column":0},"end":{"line":46,"column":53}},"46":{"start":{"line":47,"column":0},"end":{"line":47,"column":40}},"47":{"start":{"line":48,"column":0},"end":{"line":48,"column":16}},"48":{"start":{"line":49,"column":0},"end":{"line":49,"column":10}},"49":{"start":{"line":50,"column":0},"end":{"line":50,"column":73}},"50":{"start":{"line":51,"column":0},"end":{"line":51,"column":19}},"51":{"start":{"line":52,"column":0},"end":{"line":52,"column":3}},"52":{"start":{"line":53,"column":0},"end":{"line":53,"column":1}},"53":{"start":{"line":54,"column":0},"end":{"line":54,"column":0}},"54":{"start":{"line":55,"column":0},"end":{"line":55,"column":24}},"55":{"start":{"line":56,"column":0},"end":{"line":56,"column":63}},"56":{"start":{"line":57,"column":0},"end":{"line":57,"column":26}},"57":{"start":{"line":58,"column":0},"end":{"line":58,"column":40}},"58":{"start":{"line":59,"column":0},"end":{"line":59,"column":36}},"59":{"start":{"line":60,"column":0},"end":{"line":60,"column":46}},"60":{"start":{"line":61,"column":0},"end":{"line":61,"column":3}},"61":{"start":{"line":62,"column":0},"end":{"line":62,"column":22}},"62":{"start":{"line":63,"column":0},"end":{"line":63,"column":1}},"63":{"start":{"line":64,"column":0},"end":{"line":64,"column":3}},"64":{"start":{"line":65,"column":0},"end":{"line":65,"column":46}},"65":{"start":{"line":66,"column":0},"end":{"line":66,"column":38}},"66":{"start":{"line":67,"column":0},"end":{"line":67,"column":3}},"67":{"start":{"line":68,"column":0},"end":{"line":68,"column":77}},"68":{"start":{"line":69,"column":0},"end":{"line":69,"column":70}},"69":{"start":{"line":70,"column":0},"end":{"line":70,"column":33}},"70":{"start":{"line":71,"column":0},"end":{"line":71,"column":3}},"71":{"start":{"line":72,"column":0},"end":{"line":72,"column":48}},"72":{"start":{"line":73,"column":0},"end":{"line":73,"column":15}},"73":{"start":{"line":74,"column":0},"end":{"line":74,"column":3}},"74":{"start":{"line":75,"column":0},"end":{"line":75,"column":49}},"75":{"start":{"line":76,"column":0},"end":{"line":76,"column":16}},"76":{"start":{"line":77,"column":0},"end":{"line":77,"column":3}},"77":{"start":{"line":78,"column":0},"end":{"line":78,"column":33}},"78":{"start":{"line":79,"column":0},"end":{"line":79,"column":20}},"79":{"start":{"line":80,"column":0},"end":{"line":80,"column":3}},"80":{"start":{"line":81,"column":0},"end":{"line":81,"column":57}},"81":{"start":{"line":82,"column":0},"end":{"line":82,"column":1}},"82":{"start":{"line":83,"column":0},"end":{"line":83,"column":0}},"83":{"start":{"line":84,"column":0},"end":{"line":84,"column":28}},"84":{"start":{"line":85,"column":0},"end":{"line":85,"column":22}},"85":{"start":{"line":86,"column":0},"end":{"line":86,"column":16}},"86":{"start":{"line":87,"column":0},"end":{"line":87,"column":20}},"87":{"start":{"line":88,"column":0},"end":{"line":88,"column":46}},"88":{"start":{"line":89,"column":0},"end":{"line":89,"column":36}},"89":{"start":{"line":90,"column":0},"end":{"line":90,"column":45}},"90":{"start":{"line":91,"column":0},"end":{"line":91,"column":41}},"91":{"start":{"line":92,"column":0},"end":{"line":92,"column":4}},"92":{"start":{"line":93,"column":0},"end":{"line":93,"column":53}},"93":{"start":{"line":94,"column":0},"end":{"line":94,"column":59}},"94":{"start":{"line":95,"column":0},"end":{"line":95,"column":93}},"95":{"start":{"line":96,"column":0},"end":{"line":96,"column":36}},"96":{"start":{"line":97,"column":0},"end":{"line":97,"column":0}},"97":{"start":{"line":98,"column":0},"end":{"line":98,"column":59}},"98":{"start":{"line":99,"column":0},"end":{"line":99,"column":95}},"99":{"start":{"line":100,"column":0},"end":{"line":100,"column":48}},"100":{"start":{"line":101,"column":0},"end":{"line":101,"column":100}},"101":{"start":{"line":102,"column":0},"end":{"line":102,"column":32}},"102":{"start":{"line":103,"column":0},"end":{"line":103,"column":16}},"103":{"start":{"line":104,"column":0},"end":{"line":104,"column":20}},"104":{"start":{"line":105,"column":0},"end":{"line":105,"column":75}},"105":{"start":{"line":106,"column":0},"end":{"line":106,"column":9}},"106":{"start":{"line":107,"column":0},"end":{"line":107,"column":14}},"107":{"start":{"line":108,"column":0},"end":{"line":108,"column":47}},"108":{"start":{"line":109,"column":0},"end":{"line":109,"column":16}},"109":{"start":{"line":110,"column":0},"end":{"line":110,"column":20}},"110":{"start":{"line":111,"column":0},"end":{"line":111,"column":21}},"111":{"start":{"line":112,"column":0},"end":{"line":112,"column":9}},"112":{"start":{"line":113,"column":0},"end":{"line":113,"column":7}},"113":{"start":{"line":114,"column":0},"end":{"line":114,"column":10}},"114":{"start":{"line":115,"column":0},"end":{"line":115,"column":39}},"115":{"start":{"line":116,"column":0},"end":{"line":116,"column":3}},"116":{"start":{"line":117,"column":0},"end":{"line":117,"column":15}},"117":{"start":{"line":118,"column":0},"end":{"line":118,"column":1}}},"s":{"0":1,"1":1,"2":1,"3":1,"4":1,"5":1,"6":1,"7":6,"8":6,"9":6,"10":7,"11":928,"12":35,"13":35,"14":21,"15":21,"16":21,"17":21,"18":21,"19":21,"20":21,"21":35,"22":928,"23":46,"24":16,"25":16,"26":16,"27":16,"28":16,"29":16,"30":46,"31":928,"32":928,"33":928,"34":7,"35":7,"36":21,"37":7,"38":7,"39":21,"40":7,"41":7,"42":7,"43":6,"44":1,"45":11,"46":11,"47":4,"48":7,"49":7,"50":7,"51":7,"52":11,"53":1,"54":1,"55":21,"56":21,"57":21,"58":35,"59":35,"60":35,"61":21,"62":21,"63":1,"64":1,"65":1,"66":1,"67":139,"68":139,"69":107,"70":107,"71":139,"72":4,"73":4,"74":139,"75":4,"76":4,"77":24,"78":24,"79":24,"80":0,"81":0,"82":1,"83":1,"84":795,"85":795,"86":795,"87":795,"88":795,"89":795,"90":758,"91":795,"92":795,"93":46,"94":46,"95":46,"96":46,"97":46,"98":46,"99":171,"100":171,"101":171,"102":32,"103":32,"104":32,"105":32,"106":171,"107":139,"108":139,"109":139,"110":139,"111":139,"112":139,"113":46,"114":46,"115":46,"116":795,"117":795},"branchMap":{"0":{"type":"branch","line":8,"loc":{"start":{"line":8,"column":0},"end":{"line":44,"column":1}},"locations":[{"start":{"line":8,"column":0},"end":{"line":44,"column":1}}]},"1":{"type":"branch","line":10,"loc":{"start":{"line":10,"column":9},"end":{"line":43,"column":3}},"locations":[{"start":{"line":10,"column":9},"end":{"line":43,"column":3}}]},"2":{"type":"branch","line":11,"loc":{"start":{"line":11,"column":4},"end":{"line":34,"column":5}},"locations":[{"start":{"line":11,"column":4},"end":{"line":34,"column":5}}]},"3":{"type":"branch","line":12,"loc":{"start":{"line":12,"column":57},"end":{"line":22,"column":7}},"locations":[{"start":{"line":12,"column":57},"end":{"line":22,"column":7}}]},"4":{"type":"branch","line":14,"loc":{"start":{"line":14,"column":54},"end":{"line":21,"column":9}},"locations":[{"start":{"line":14,"column":54},"end":{"line":21,"column":9}}]},"5":{"type":"branch","line":23,"loc":{"start":{"line":23,"column":55},"end":{"line":31,"column":7}},"locations":[{"start":{"line":23,"column":55},"end":{"line":31,"column":7}}]},"6":{"type":"branch","line":24,"loc":{"start":{"line":24,"column":40},"end":{"line":30,"column":9}},"locations":[{"start":{"line":24,"column":40},"end":{"line":30,"column":9}}]},"7":{"type":"branch","line":36,"loc":{"start":{"line":36,"column":34},"end":{"line":38,"column":5}},"locations":[{"start":{"line":36,"column":34},"end":{"line":38,"column":5}}]},"8":{"type":"branch","line":39,"loc":{"start":{"line":39,"column":24},"end":{"line":41,"column":5}},"locations":[{"start":{"line":39,"column":24},"end":{"line":41,"column":5}}]},"9":{"type":"branch","line":46,"loc":{"start":{"line":46,"column":0},"end":{"line":53,"column":1}},"locations":[{"start":{"line":46,"column":0},"end":{"line":53,"column":1}}]},"10":{"type":"branch","line":47,"loc":{"start":{"line":47,"column":39},"end":{"line":52,"column":3}},"locations":[{"start":{"line":47,"column":39},"end":{"line":52,"column":3}}]},"11":{"type":"branch","line":47,"loc":{"start":{"line":47,"column":39},"end":{"line":49,"column":9}},"locations":[{"start":{"line":47,"column":39},"end":{"line":49,"column":9}}]},"12":{"type":"branch","line":56,"loc":{"start":{"line":56,"column":0},"end":{"line":63,"column":1}},"locations":[{"start":{"line":56,"column":0},"end":{"line":63,"column":1}}]},"13":{"type":"branch","line":58,"loc":{"start":{"line":58,"column":39},"end":{"line":61,"column":3}},"locations":[{"start":{"line":58,"column":39},"end":{"line":61,"column":3}}]},"14":{"type":"branch","line":68,"loc":{"start":{"line":68,"column":0},"end":{"line":82,"column":1}},"locations":[{"start":{"line":68,"column":0},"end":{"line":82,"column":1}}]},"15":{"type":"branch","line":69,"loc":{"start":{"line":69,"column":31},"end":{"line":69,"column":67}},"locations":[{"start":{"line":69,"column":31},"end":{"line":69,"column":67}}]},"16":{"type":"branch","line":69,"loc":{"start":{"line":69,"column":69},"end":{"line":71,"column":3}},"locations":[{"start":{"line":69,"column":69},"end":{"line":71,"column":3}}]},"17":{"type":"branch","line":72,"loc":{"start":{"line":72,"column":-1},"end":{"line":72,"column":47}},"locations":[{"start":{"line":72,"column":-1},"end":{"line":72,"column":47}}]},"18":{"type":"branch","line":72,"loc":{"start":{"line":72,"column":47},"end":{"line":74,"column":3}},"locations":[{"start":{"line":72,"column":47},"end":{"line":74,"column":3}}]},"19":{"type":"branch","line":75,"loc":{"start":{"line":75,"column":-1},"end":{"line":75,"column":48}},"locations":[{"start":{"line":75,"column":-1},"end":{"line":75,"column":48}}]},"20":{"type":"branch","line":75,"loc":{"start":{"line":75,"column":48},"end":{"line":77,"column":3}},"locations":[{"start":{"line":75,"column":48},"end":{"line":77,"column":3}}]},"21":{"type":"branch","line":78,"loc":{"start":{"line":78,"column":-1},"end":{"line":80,"column":3}},"locations":[{"start":{"line":78,"column":-1},"end":{"line":80,"column":3}}]},"22":{"type":"branch","line":81,"loc":{"start":{"line":81,"column":-1},"end":{"line":82,"column":1}},"locations":[{"start":{"line":81,"column":-1},"end":{"line":82,"column":1}}]},"23":{"type":"branch","line":85,"loc":{"start":{"line":85,"column":0},"end":{"line":118,"column":1}},"locations":[{"start":{"line":85,"column":0},"end":{"line":118,"column":1}}]},"24":{"type":"branch","line":93,"loc":{"start":{"line":93,"column":10},"end":{"line":93,"column":12}},"locations":[{"start":{"line":93,"column":10},"end":{"line":93,"column":12}}]},"25":{"type":"branch","line":93,"loc":{"start":{"line":93,"column":52},"end":{"line":116,"column":3}},"locations":[{"start":{"line":93,"column":52},"end":{"line":116,"column":3}}]},"26":{"type":"branch","line":95,"loc":{"start":{"line":95,"column":68},"end":{"line":95,"column":93}},"locations":[{"start":{"line":95,"column":68},"end":{"line":95,"column":93}}]},"27":{"type":"branch","line":90,"loc":{"start":{"line":90,"column":24},"end":{"line":92,"column":3}},"locations":[{"start":{"line":90,"column":24},"end":{"line":92,"column":3}}]},"28":{"type":"branch","line":99,"loc":{"start":{"line":99,"column":74},"end":{"line":114,"column":5}},"locations":[{"start":{"line":99,"column":74},"end":{"line":114,"column":5}}]},"29":{"type":"branch","line":101,"loc":{"start":{"line":101,"column":28},"end":{"line":101,"column":70}},"locations":[{"start":{"line":101,"column":28},"end":{"line":101,"column":70}}]},"30":{"type":"branch","line":101,"loc":{"start":{"line":101,"column":71},"end":{"line":101,"column":100}},"locations":[{"start":{"line":101,"column":71},"end":{"line":101,"column":100}}]},"31":{"type":"branch","line":102,"loc":{"start":{"line":102,"column":31},"end":{"line":107,"column":13}},"locations":[{"start":{"line":102,"column":31},"end":{"line":107,"column":13}}]},"32":{"type":"branch","line":105,"loc":{"start":{"line":105,"column":42},"end":{"line":105,"column":54}},"locations":[{"start":{"line":105,"column":42},"end":{"line":105,"column":54}}]},"33":{"type":"branch","line":105,"loc":{"start":{"line":105,"column":55},"end":{"line":105,"column":75}},"locations":[{"start":{"line":105,"column":55},"end":{"line":105,"column":75}}]},"34":{"type":"branch","line":107,"loc":{"start":{"line":107,"column":7},"end":{"line":113,"column":7}},"locations":[{"start":{"line":107,"column":7},"end":{"line":113,"column":7}}]}},"b":{"0":[6],"1":[7],"2":[928],"3":[35],"4":[21],"5":[46],"6":[16],"7":[21],"8":[21],"9":[11],"10":[7],"11":[4],"12":[21],"13":[35],"14":[139],"15":[36],"16":[107],"17":[32],"18":[4],"19":[28],"20":[4],"21":[24],"22":[0],"23":[795],"24":[0],"25":[46],"26":[0],"27":[758],"28":[171],"29":[95],"30":[76],"31":[32],"32":[4],"33":[28],"34":[139]},"fnMap":{"0":{"name":"parseDTSEnumFac","decl":{"start":{"line":8,"column":0},"end":{"line":44,"column":1}},"loc":{"start":{"line":8,"column":0},"end":{"line":44,"column":1}},"line":8},"1":{"name":"delintNode","decl":{"start":{"line":11,"column":4},"end":{"line":34,"column":5}},"loc":{"start":{"line":11,"column":4},"end":{"line":34,"column":5}},"line":11},"2":{"name":"getDTSFiles","decl":{"start":{"line":46,"column":0},"end":{"line":53,"column":1}},"loc":{"start":{"line":46,"column":0},"end":{"line":53,"column":1}},"line":46},"3":{"name":"handleNamespace","decl":{"start":{"line":56,"column":0},"end":{"line":63,"column":1}},"loc":{"start":{"line":56,"column":0},"end":{"line":63,"column":1}},"line":56},"4":{"name":"handleValue","decl":{"start":{"line":68,"column":0},"end":{"line":82,"column":1}},"loc":{"start":{"line":68,"column":0},"end":{"line":82,"column":1}},"line":68},"5":{"name":"handleEnums","decl":{"start":{"line":85,"column":0},"end":{"line":118,"column":1}},"loc":{"start":{"line":85,"column":0},"end":{"line":118,"column":1}},"line":85}},"f":{"0":6,"1":928,"2":11,"3":21,"4":139,"5":795}}
,"/Users/pingxiaopingbuxiao/Desktop/hahah/babel-plugin-typescript-hardcoded-enum/src/utils.ts": {"path":"/Users/pingxiaopingbuxiao/Desktop/hahah/babel-plugin-typescript-hardcoded-enum/src/utils.ts","all":false,"statementMap":{"0":{"start":{"line":1,"column":0},"end":{"line":1,"column":0}},"1":{"start":{"line":2,"column":0},"end":{"line":2,"column":33}},"2":{"start":{"line":3,"column":0},"end":{"line":3,"column":43}},"3":{"start":{"line":4,"column":0},"end":{"line":4,"column":43}},"4":{"start":{"line":5,"column":0},"end":{"line":5,"column":0}},"5":{"start":{"line":6,"column":0},"end":{"line":6,"column":3}},"6":{"start":{"line":7,"column":0},"end":{"line":7,"column":11}},"7":{"start":{"line":8,"column":0},"end":{"line":8,"column":39}},"8":{"start":{"line":9,"column":0},"end":{"line":9,"column":14}},"9":{"start":{"line":10,"column":0},"end":{"line":10,"column":3}},"10":{"start":{"line":11,"column":0},"end":{"line":11,"column":70}},"11":{"start":{"line":12,"column":0},"end":{"line":12,"column":49}},"12":{"start":{"line":13,"column":0},"end":{"line":13,"column":35}},"13":{"start":{"line":14,"column":0},"end":{"line":14,"column":41}},"14":{"start":{"line":15,"column":0},"end":{"line":15,"column":18}},"15":{"start":{"line":16,"column":0},"end":{"line":16,"column":39}},"16":{"start":{"line":17,"column":0},"end":{"line":17,"column":3}},"17":{"start":{"line":18,"column":0},"end":{"line":18,"column":0}},"18":{"start":{"line":19,"column":0},"end":{"line":19,"column":36}},"19":{"start":{"line":20,"column":0},"end":{"line":20,"column":30}},"20":{"start":{"line":21,"column":0},"end":{"line":21,"column":1}},"21":{"start":{"line":22,"column":0},"end":{"line":22,"column":0}},"22":{"start":{"line":23,"column":0},"end":{"line":23,"column":88}},"23":{"start":{"line":24,"column":0},"end":{"line":24,"column":39}},"24":{"start":{"line":25,"column":0},"end":{"line":25,"column":15}},"25":{"start":{"line":26,"column":0},"end":{"line":26,"column":3}},"26":{"start":{"line":27,"column":0},"end":{"line":27,"column":52}},"27":{"start":{"line":28,"column":0},"end":{"line":28,"column":36}},"28":{"start":{"line":29,"column":0},"end":{"line":29,"column":44}},"29":{"start":{"line":30,"column":0},"end":{"line":30,"column":20}},"30":{"start":{"line":31,"column":0},"end":{"line":31,"column":33}},"31":{"start":{"line":32,"column":0},"end":{"line":32,"column":36}},"32":{"start":{"line":33,"column":0},"end":{"line":33,"column":17}},"33":{"start":{"line":34,"column":0},"end":{"line":34,"column":5}},"34":{"start":{"line":35,"column":0},"end":{"line":35,"column":38}},"35":{"start":{"line":36,"column":0},"end":{"line":36,"column":3}},"36":{"start":{"line":37,"column":0},"end":{"line":37,"column":36}},"37":{"start":{"line":38,"column":0},"end":{"line":38,"column":15}},"38":{"start":{"line":39,"column":0},"end":{"line":39,"column":3}},"39":{"start":{"line":40,"column":0},"end":{"line":40,"column":40}},"40":{"start":{"line":41,"column":0},"end":{"line":41,"column":30}},"41":{"start":{"line":42,"column":0},"end":{"line":42,"column":1}},"42":{"start":{"line":43,"column":0},"end":{"line":43,"column":0}},"43":{"start":{"line":44,"column":0},"end":{"line":44,"column":49}},"44":{"start":{"line":45,"column":0},"end":{"line":45,"column":22}},"45":{"start":{"line":46,"column":0},"end":{"line":46,"column":20}},"46":{"start":{"line":47,"column":0},"end":{"line":47,"column":26}},"47":{"start":{"line":48,"column":0},"end":{"line":48,"column":24}},"48":{"start":{"line":49,"column":0},"end":{"line":49,"column":41}},"49":{"start":{"line":50,"column":0},"end":{"line":50,"column":70}},"50":{"start":{"line":51,"column":0},"end":{"line":51,"column":49}},"51":{"start":{"line":52,"column":0},"end":{"line":52,"column":27}},"52":{"start":{"line":53,"column":0},"end":{"line":53,"column":26}},"53":{"start":{"line":54,"column":0},"end":{"line":54,"column":32}},"54":{"start":{"line":55,"column":0},"end":{"line":55,"column":21}},"55":{"start":{"line":56,"column":0},"end":{"line":56,"column":4}},"56":{"start":{"line":57,"column":0},"end":{"line":57,"column":30}},"57":{"start":{"line":58,"column":0},"end":{"line":58,"column":44}},"58":{"start":{"line":59,"column":0},"end":{"line":59,"column":88}},"59":{"start":{"line":60,"column":0},"end":{"line":60,"column":58}},"60":{"start":{"line":61,"column":0},"end":{"line":61,"column":56}},"61":{"start":{"line":62,"column":0},"end":{"line":62,"column":58}},"62":{"start":{"line":63,"column":0},"end":{"line":63,"column":26}},"63":{"start":{"line":64,"column":0},"end":{"line":64,"column":36}},"64":{"start":{"line":65,"column":0},"end":{"line":65,"column":24}},"65":{"start":{"line":66,"column":0},"end":{"line":66,"column":76}},"66":{"start":{"line":67,"column":0},"end":{"line":67,"column":50}},"67":{"start":{"line":68,"column":0},"end":{"line":68,"column":22}},"68":{"start":{"line":69,"column":0},"end":{"line":69,"column":18}},"69":{"start":{"line":70,"column":0},"end":{"line":70,"column":11}},"70":{"start":{"line":71,"column":0},"end":{"line":71,"column":49}},"71":{"start":{"line":72,"column":0},"end":{"line":72,"column":76}},"72":{"start":{"line":73,"column":0},"end":{"line":73,"column":18}},"73":{"start":{"line":74,"column":0},"end":{"line":74,"column":11}},"74":{"start":{"line":75,"column":0},"end":{"line":75,"column":51}},"75":{"start":{"line":76,"column":0},"end":{"line":76,"column":70}},"76":{"start":{"line":77,"column":0},"end":{"line":77,"column":57}},"77":{"start":{"line":78,"column":0},"end":{"line":78,"column":57}},"78":{"start":{"line":79,"column":0},"end":{"line":79,"column":48}},"79":{"start":{"line":80,"column":0},"end":{"line":80,"column":53}},"80":{"start":{"line":81,"column":0},"end":{"line":81,"column":35}},"81":{"start":{"line":82,"column":0},"end":{"line":82,"column":53}},"82":{"start":{"line":83,"column":0},"end":{"line":83,"column":47}},"83":{"start":{"line":84,"column":0},"end":{"line":84,"column":11}},"84":{"start":{"line":85,"column":0},"end":{"line":85,"column":56}},"85":{"start":{"line":86,"column":0},"end":{"line":86,"column":34}},"86":{"start":{"line":87,"column":0},"end":{"line":87,"column":11}},"87":{"start":{"line":88,"column":0},"end":{"line":88,"column":9}},"88":{"start":{"line":89,"column":0},"end":{"line":89,"column":7}},"89":{"start":{"line":90,"column":0},"end":{"line":90,"column":12}},"90":{"start":{"line":91,"column":0},"end":{"line":91,"column":5}},"91":{"start":{"line":92,"column":0},"end":{"line":92,"column":26}},"92":{"start":{"line":93,"column":0},"end":{"line":93,"column":33}},"93":{"start":{"line":94,"column":0},"end":{"line":94,"column":48}},"94":{"start":{"line":95,"column":0},"end":{"line":95,"column":44}},"95":{"start":{"line":96,"column":0},"end":{"line":96,"column":55}},"96":{"start":{"line":97,"column":0},"end":{"line":97,"column":7}},"97":{"start":{"line":98,"column":0},"end":{"line":98,"column":12}},"98":{"start":{"line":99,"column":0},"end":{"line":99,"column":5}},"99":{"start":{"line":100,"column":0},"end":{"line":100,"column":58}},"100":{"start":{"line":101,"column":0},"end":{"line":101,"column":8}},"101":{"start":{"line":102,"column":0},"end":{"line":102,"column":29}},"102":{"start":{"line":103,"column":0},"end":{"line":103,"column":41}},"103":{"start":{"line":104,"column":0},"end":{"line":104,"column":8}},"104":{"start":{"line":105,"column":0},"end":{"line":105,"column":7}},"105":{"start":{"line":106,"column":0},"end":{"line":106,"column":33}},"106":{"start":{"line":107,"column":0},"end":{"line":107,"column":5}},"107":{"start":{"line":108,"column":0},"end":{"line":108,"column":4}},"108":{"start":{"line":109,"column":0},"end":{"line":109,"column":50}},"109":{"start":{"line":110,"column":0},"end":{"line":110,"column":45}},"110":{"start":{"line":111,"column":0},"end":{"line":111,"column":17}},"111":{"start":{"line":112,"column":0},"end":{"line":112,"column":26}},"112":{"start":{"line":113,"column":0},"end":{"line":113,"column":12}},"113":{"start":{"line":114,"column":0},"end":{"line":114,"column":35}},"114":{"start":{"line":115,"column":0},"end":{"line":115,"column":5}},"115":{"start":{"line":116,"column":0},"end":{"line":116,"column":4}},"116":{"start":{"line":117,"column":0},"end":{"line":117,"column":21}},"117":{"start":{"line":118,"column":0},"end":{"line":118,"column":51}},"118":{"start":{"line":119,"column":0},"end":{"line":119,"column":49}},"119":{"start":{"line":120,"column":0},"end":{"line":120,"column":6}},"120":{"start":{"line":121,"column":0},"end":{"line":121,"column":3}},"121":{"start":{"line":122,"column":0},"end":{"line":122,"column":14}},"122":{"start":{"line":123,"column":0},"end":{"line":123,"column":1}},"123":{"start":{"line":124,"column":0},"end":{"line":124,"column":0}},"124":{"start":{"line":125,"column":0},"end":{"line":125,"column":21}},"125":{"start":{"line":126,"column":0},"end":{"line":126,"column":62}},"126":{"start":{"line":127,"column":0},"end":{"line":127,"column":48}},"127":{"start":{"line":128,"column":0},"end":{"line":128,"column":23}},"128":{"start":{"line":129,"column":0},"end":{"line":129,"column":15}},"129":{"start":{"line":130,"column":0},"end":{"line":130,"column":1}}},"s":{"0":1,"1":1,"2":1,"3":1,"4":1,"5":1,"6":1,"7":1,"8":1,"9":1,"10":2,"11":2,"12":2,"13":2,"14":2,"15":2,"16":2,"17":2,"18":2,"19":2,"20":2,"21":1,"22":19,"23":19,"24":0,"25":0,"26":19,"27":19,"28":19,"29":26,"30":26,"31":26,"32":0,"33":0,"34":26,"35":26,"36":19,"37":1,"38":1,"39":18,"40":18,"41":18,"42":1,"43":3,"44":3,"45":3,"46":3,"47":3,"48":3,"49":3,"50":3,"51":3,"52":3,"53":120,"54":120,"55":3,"56":3,"57":11,"58":9,"59":7,"60":7,"61":2,"62":2,"63":2,"64":2,"65":2,"66":2,"67":2,"68":0,"69":0,"70":2,"71":2,"72":1,"73":1,"74":1,"75":1,"76":7,"77":0,"78":0,"79":0,"80":0,"81":0,"82":0,"83":0,"84":0,"85":0,"86":0,"87":0,"88":7,"89":8,"90":8,"91":2,"92":2,"93":11,"94":0,"95":0,"96":0,"97":0,"98":0,"99":2,"100":2,"101":2,"102":47,"103":2,"104":2,"105":2,"106":2,"107":3,"108":3,"109":0,"110":0,"111":0,"112":0,"113":0,"114":0,"115":3,"116":3,"117":3,"118":1,"119":3,"120":3,"121":3,"122":3,"123":1,"124":1,"125":4,"126":4,"127":4,"128":4,"129":4},"branchMap":{"0":{"type":"branch","line":11,"loc":{"start":{"line":11,"column":0},"end":{"line":21,"column":1}},"locations":[{"start":{"line":11,"column":0},"end":{"line":21,"column":1}}]},"1":{"type":"branch","line":23,"loc":{"start":{"line":23,"column":0},"end":{"line":42,"column":1}},"locations":[{"start":{"line":23,"column":0},"end":{"line":42,"column":1}}]},"2":{"type":"branch","line":24,"loc":{"start":{"line":24,"column":38},"end":{"line":26,"column":3}},"locations":[{"start":{"line":24,"column":38},"end":{"line":26,"column":3}}]},"3":{"type":"branch","line":29,"loc":{"start":{"line":29,"column":43},"end":{"line":36,"column":3}},"locations":[{"start":{"line":29,"column":43},"end":{"line":36,"column":3}}]},"4":{"type":"branch","line":32,"loc":{"start":{"line":32,"column":35},"end":{"line":34,"column":5}},"locations":[{"start":{"line":32,"column":35},"end":{"line":34,"column":5}}]},"5":{"type":"branch","line":37,"loc":{"start":{"line":37,"column":35},"end":{"line":39,"column":3}},"locations":[{"start":{"line":37,"column":35},"end":{"line":39,"column":3}}]},"6":{"type":"branch","line":40,"loc":{"start":{"line":40,"column":-1},"end":{"line":42,"column":1}},"locations":[{"start":{"line":40,"column":-1},"end":{"line":42,"column":1}}]},"7":{"type":"branch","line":44,"loc":{"start":{"line":44,"column":0},"end":{"line":123,"column":1}},"locations":[{"start":{"line":44,"column":0},"end":{"line":123,"column":1}}]},"8":{"type":"branch","line":53,"loc":{"start":{"line":53,"column":18},"end":{"line":56,"column":3}},"locations":[{"start":{"line":53,"column":18},"end":{"line":56,"column":3}}]},"9":{"type":"branch","line":57,"loc":{"start":{"line":57,"column":15},"end":{"line":108,"column":3}},"locations":[{"start":{"line":57,"column":15},"end":{"line":108,"column":3}}]},"10":{"type":"branch","line":58,"loc":{"start":{"line":58,"column":43},"end":{"line":91,"column":5}},"locations":[{"start":{"line":58,"column":43},"end":{"line":91,"column":5}}]},"11":{"type":"branch","line":59,"loc":{"start":{"line":59,"column":54},"end":{"line":59,"column":85}},"locations":[{"start":{"line":59,"column":54},"end":{"line":59,"column":85}}]},"12":{"type":"branch","line":59,"loc":{"start":{"line":59,"column":87},"end":{"line":89,"column":7}},"locations":[{"start":{"line":59,"column":87},"end":{"line":89,"column":7}}]},"13":{"type":"branch","line":61,"loc":{"start":{"line":61,"column":55},"end":{"line":77,"column":15}},"locations":[{"start":{"line":61,"column":55},"end":{"line":77,"column":15}}]},"14":{"type":"branch","line":68,"loc":{"start":{"line":68,"column":21},"end":{"line":70,"column":11}},"locations":[{"start":{"line":68,"column":21},"end":{"line":70,"column":11}}]},"15":{"type":"branch","line":72,"loc":{"start":{"line":72,"column":51},"end":{"line":72,"column":73}},"locations":[{"start":{"line":72,"column":51},"end":{"line":72,"column":73}}]},"16":{"type":"branch","line":72,"loc":{"start":{"line":72,"column":75},"end":{"line":77,"column":15}},"locations":[{"start":{"line":72,"column":75},"end":{"line":77,"column":15}}]},"17":{"type":"branch","line":77,"loc":{"start":{"line":77,"column":9},"end":{"line":88,"column":9}},"locations":[{"start":{"line":77,"column":9},"end":{"line":88,"column":9}}]},"18":{"type":"branch","line":77,"loc":{"start":{"line":77,"column":56},"end":{"line":88,"column":9}},"locations":[{"start":{"line":77,"column":56},"end":{"line":88,"column":9}}]},"19":{"type":"branch","line":90,"loc":{"start":{"line":90,"column":-1},"end":{"line":91,"column":5}},"locations":[{"start":{"line":90,"column":-1},"end":{"line":91,"column":5}}]},"20":{"type":"branch","line":92,"loc":{"start":{"line":92,"column":-1},"end":{"line":94,"column":47}},"locations":[{"start":{"line":92,"column":-1},"end":{"line":94,"column":47}}]},"21":{"type":"branch","line":94,"loc":{"start":{"line":94,"column":47},"end":{"line":99,"column":5}},"locations":[{"start":{"line":94,"column":47},"end":{"line":99,"column":5}}]},"22":{"type":"branch","line":100,"loc":{"start":{"line":100,"column":-1},"end":{"line":107,"column":5}},"locations":[{"start":{"line":100,"column":-1},"end":{"line":107,"column":5}}]},"23":{"type":"branch","line":102,"loc":{"start":{"line":102,"column":19},"end":{"line":104,"column":7}},"locations":[{"start":{"line":102,"column":19},"end":{"line":104,"column":7}}]},"24":{"type":"branch","line":118,"loc":{"start":{"line":118,"column":39},"end":{"line":120,"column":5}},"locations":[{"start":{"line":118,"column":39},"end":{"line":120,"column":5}}]},"25":{"type":"branch","line":126,"loc":{"start":{"line":126,"column":0},"end":{"line":130,"column":1}},"locations":[{"start":{"line":126,"column":0},"end":{"line":130,"column":1}}]}},"b":{"0":[2],"1":[19],"2":[0],"3":[26],"4":[0],"5":[1],"6":[18],"7":[3],"8":[120],"9":[11],"10":[9],"11":[7],"12":[7],"13":[2],"14":[0],"15":[1],"16":[1],"17":[5],"18":[0],"19":[8],"20":[2],"21":[0],"22":[2],"23":[47],"24":[1],"25":[4]},"fnMap":{"0":{"name":"getTSQualifiedName","decl":{"start":{"line":11,"column":0},"end":{"line":21,"column":1}},"loc":{"start":{"line":11,"column":0},"end":{"line":21,"column":1}},"line":11},"1":{"name":"getConstEnumMemberExpression","decl":{"start":{"line":23,"column":0},"end":{"line":42,"column":1}},"loc":{"start":{"line":23,"column":0},"end":{"line":42,"column":1}},"line":23},"2":{"name":"getNamespaceAliasMapFromProgram","decl":{"start":{"line":44,"column":0},"end":{"line":123,"column":1}},"loc":{"start":{"line":44,"column":0},"end":{"line":123,"column":1}},"line":44},"3":{"name":"escapeDotForRegExp","decl":{"start":{"line":126,"column":0},"end":{"line":130,"column":1}},"loc":{"start":{"line":126,"column":0},"end":{"line":130,"column":1}},"line":126}},"f":{"0":2,"1":19,"2":3,"3":4}}
}
