TN:
SF:src/index.ts
FN:16,default_1
FN:35,Program
FN:42,TSImportEqualsDeclaration
FN:45,MemberExpression
FNF:4
FNH:4
FNDA:3,default_1
FNDA:3,Program
FNDA:2,TSImportEqualsDeclaration
FNDA:19,MemberExpression
DA:1,1
DA:2,1
DA:3,1
DA:4,1
DA:5,1
DA:6,1
DA:7,1
DA:8,1
DA:9,1
DA:10,1
DA:11,1
DA:12,1
DA:13,1
DA:14,1
DA:15,1
DA:16,3
DA:17,3
DA:18,3
DA:19,3
DA:20,3
DA:21,3
DA:22,3
DA:23,0
DA:24,0
DA:25,0
DA:26,3
DA:27,3
DA:28,0
DA:29,0
DA:30,0
DA:31,0
DA:32,3
DA:33,3
DA:34,3
DA:35,3
DA:36,3
DA:37,3
DA:38,3
DA:39,3
DA:40,3
DA:41,3
DA:42,3
DA:43,2
DA:44,3
DA:45,3
DA:46,19
DA:47,19
DA:48,19
DA:49,1
DA:50,1
DA:51,18
DA:52,18
DA:53,19
DA:54,8
DA:55,8
DA:56,8
DA:57,10
DA:58,19
DA:59,6
DA:60,8
DA:61,4
DA:62,4
DA:63,4
DA:64,4
DA:65,4
DA:66,4
DA:67,4
DA:68,4
DA:69,4
DA:70,4
DA:71,8
DA:72,6
DA:73,19
DA:74,2
DA:75,2
DA:76,8
DA:77,8
DA:78,8
DA:79,19
DA:80,0
DA:81,0
DA:82,0
DA:83,0
DA:84,19
DA:85,0
DA:86,0
DA:87,8
DA:88,8
DA:89,8
DA:90,8
DA:91,8
DA:92,8
DA:93,19
DA:94,3
DA:95,3
DA:96,3
DA:97,3
DA:98,3
DA:99,3
DA:100,3
DA:101,3
LF:101
LH:88
BRDA:16,0,0,3
BRDA:22,1,0,0
BRDA:27,2,0,0
BRDA:35,3,0,3
BRDA:42,4,0,2
BRDA:45,5,0,19
BRDA:48,6,0,1
BRDA:51,7,0,18
BRDA:53,8,0,8
BRDA:57,9,0,10
BRDA:58,10,0,6
BRDA:59,11,0,8
BRDA:60,12,0,4
BRDA:73,13,0,10
BRDA:73,14,0,2
BRDA:76,15,0,8
BRDA:79,16,0,0
BRDA:84,17,0,8
BRDA:84,18,0,0
BRDA:87,19,0,8
BRF:20
BRH:16
end_of_record
TN:
SF:src/parseDts.ts
FN:8,parseDTSEnumFac
FN:11,delintNode
FN:46,getDTSFiles
FN:56,handleNamespace
FN:68,handleValue
FN:85,handleEnums
FNF:6
FNH:6
FNDA:6,parseDTSEnumFac
FNDA:928,delintNode
FNDA:11,getDTSFiles
FNDA:21,handleNamespace
FNDA:139,handleValue
FNDA:795,handleEnums
DA:1,1
DA:2,1
DA:3,1
DA:4,1
DA:5,1
DA:6,1
DA:7,1
DA:8,6
DA:9,6
DA:10,6
DA:11,7
DA:12,928
DA:13,35
DA:14,35
DA:15,21
DA:16,21
DA:17,21
DA:18,21
DA:19,21
DA:20,21
DA:21,21
DA:22,35
DA:23,928
DA:24,46
DA:25,16
DA:26,16
DA:27,16
DA:28,16
DA:29,16
DA:30,16
DA:31,46
DA:32,928
DA:33,928
DA:34,928
DA:35,7
DA:36,7
DA:37,21
DA:38,7
DA:39,7
DA:40,21
DA:41,7
DA:42,7
DA:43,7
DA:44,6
DA:45,1
DA:46,11
DA:47,11
DA:48,4
DA:49,7
DA:50,7
DA:51,7
DA:52,7
DA:53,11
DA:54,1
DA:55,1
DA:56,21
DA:57,21
DA:58,21
DA:59,35
DA:60,35
DA:61,35
DA:62,21
DA:63,21
DA:64,1
DA:65,1
DA:66,1
DA:67,1
DA:68,139
DA:69,139
DA:70,107
DA:71,107
DA:72,139
DA:73,4
DA:74,4
DA:75,139
DA:76,4
DA:77,4
DA:78,24
DA:79,24
DA:80,24
DA:81,0
DA:82,0
DA:83,1
DA:84,1
DA:85,795
DA:86,795
DA:87,795
DA:88,795
DA:89,795
DA:90,795
DA:91,758
DA:92,795
DA:93,795
DA:94,46
DA:95,46
DA:96,46
DA:97,46
DA:98,46
DA:99,46
DA:100,171
DA:101,171
DA:102,171
DA:103,32
DA:104,32
DA:105,32
DA:106,32
DA:107,171
DA:108,139
DA:109,139
DA:110,139
DA:111,139
DA:112,139
DA:113,139
DA:114,46
DA:115,46
DA:116,46
DA:117,795
DA:118,795
LF:118
LH:116
BRDA:8,0,0,6
BRDA:10,1,0,7
BRDA:11,2,0,928
BRDA:12,3,0,35
BRDA:14,4,0,21
BRDA:23,5,0,46
BRDA:24,6,0,16
BRDA:36,7,0,21
BRDA:39,8,0,21
BRDA:46,9,0,11
BRDA:47,10,0,7
BRDA:47,11,0,4
BRDA:56,12,0,21
BRDA:58,13,0,35
BRDA:68,14,0,139
BRDA:69,15,0,36
BRDA:69,16,0,107
BRDA:72,17,0,32
BRDA:72,18,0,4
BRDA:75,19,0,28
BRDA:75,20,0,4
BRDA:78,21,0,24
BRDA:81,22,0,0
BRDA:85,23,0,795
BRDA:93,24,0,0
BRDA:93,25,0,46
BRDA:95,26,0,0
BRDA:90,27,0,758
BRDA:99,28,0,171
BRDA:101,29,0,95
BRDA:101,30,0,76
BRDA:102,31,0,32
BRDA:105,32,0,4
BRDA:105,33,0,28
BRDA:107,34,0,139
BRF:35
BRH:32
end_of_record
TN:
SF:src/utils.ts
FN:11,getTSQualifiedName
FN:23,getConstEnumMemberExpression
FN:44,getNamespaceAliasMapFromProgram
FN:126,escapeDotForRegExp
FNF:4
FNH:4
FNDA:2,getTSQualifiedName
FNDA:19,getConstEnumMemberExpression
FNDA:3,getNamespaceAliasMapFromProgram
FNDA:4,escapeDotForRegExp
DA:1,1
DA:2,1
DA:3,1
DA:4,1
DA:5,1
DA:6,1
DA:7,1
DA:8,1
DA:9,1
DA:10,1
DA:11,2
DA:12,2
DA:13,2
DA:14,2
DA:15,2
DA:16,2
DA:17,2
DA:18,2
DA:19,2
DA:20,2
DA:21,2
DA:22,1
DA:23,19
DA:24,19
DA:25,0
DA:26,0
DA:27,19
DA:28,19
DA:29,19
DA:30,26
DA:31,26
DA:32,26
DA:33,0
DA:34,0
DA:35,26
DA:36,26
DA:37,19
DA:38,1
DA:39,1
DA:40,18
DA:41,18
DA:42,18
DA:43,1
DA:44,3
DA:45,3
DA:46,3
DA:47,3
DA:48,3
DA:49,3
DA:50,3
DA:51,3
DA:52,3
DA:53,3
DA:54,120
DA:55,120
DA:56,3
DA:57,3
DA:58,11
DA:59,9
DA:60,7
DA:61,7
DA:62,2
DA:63,2
DA:64,2
DA:65,2
DA:66,2
DA:67,2
DA:68,2
DA:69,0
DA:70,0
DA:71,2
DA:72,2
DA:73,1
DA:74,1
DA:75,1
DA:76,1
DA:77,7
DA:78,0
DA:79,0
DA:80,0
DA:81,0
DA:82,0
DA:83,0
DA:84,0
DA:85,0
DA:86,0
DA:87,0
DA:88,0
DA:89,7
DA:90,8
DA:91,8
DA:92,2
DA:93,2
DA:94,11
DA:95,0
DA:96,0
DA:97,0
DA:98,0
DA:99,0
DA:100,2
DA:101,2
DA:102,2
DA:103,47
DA:104,2
DA:105,2
DA:106,2
DA:107,2
DA:108,3
DA:109,3
DA:110,0
DA:111,0
DA:112,0
DA:113,0
DA:114,0
DA:115,0
DA:116,3
DA:117,3
DA:118,3
DA:119,1
DA:120,3
DA:121,3
DA:122,3
DA:123,3
DA:124,1
DA:125,1
DA:126,4
DA:127,4
DA:128,4
DA:129,4
DA:130,4
LF:130
LH:102
BRDA:11,0,0,2
BRDA:23,1,0,19
BRDA:24,2,0,0
BRDA:29,3,0,26
BRDA:32,4,0,0
BRDA:37,5,0,1
BRDA:40,6,0,18
BRDA:44,7,0,3
BRDA:53,8,0,120
BRDA:57,9,0,11
BRDA:58,10,0,9
BRDA:59,11,0,7
BRDA:59,12,0,7
BRDA:61,13,0,2
BRDA:68,14,0,0
BRDA:72,15,0,1
BRDA:72,16,0,1
BRDA:77,17,0,5
BRDA:77,18,0,0
BRDA:90,19,0,8
BRDA:92,20,0,2
BRDA:94,21,0,0
BRDA:100,22,0,2
BRDA:102,23,0,47
BRDA:118,24,0,1
BRDA:126,25,0,4
BRF:26
BRH:21
end_of_record
